\BOOKMARK [1][-]{section*.1}{摘要}{}% 1
\BOOKMARK [1][-]{section.1}{前言}{}% 2
\BOOKMARK [1][-]{section.2}{概念、理论和方法}{}% 3
\BOOKMARK [2][-]{subsection.2.1}{机器学习}{section.2}% 4
\BOOKMARK [2][-]{subsection.2.2}{在活性物质中研究中使用机器学习}{section.2}% 5
\BOOKMARK [1][-]{section.3}{数值实验的设计、目标和可行性分析}{}% 6
\BOOKMARK [2][-]{subsection.3.1}{数值实验的设计和目标}{section.3}% 7
\BOOKMARK [2][-]{subsection.3.2}{可行性分析}{section.3}% 8
\BOOKMARK [1][-]{section.4}{数值实验的过程及结果分析}{}% 9
\BOOKMARK [2][-]{subsection.4.1}{利用卷积网络对图像进行分类}{section.4}% 10
\BOOKMARK [3][-]{subsubsection.4.1.1}{构建实验模型}{subsection.4.1}% 11
\BOOKMARK [3][-]{subsubsection.4.1.2}{数值实验的过程简述}{subsection.4.1}% 12
\BOOKMARK [3][-]{subsubsection.4.1.3}{数值实验结果展示及分析}{subsection.4.1}% 13
\BOOKMARK [2][-]{subsection.4.2}{数据的降维和可视化显示}{section.4}% 14
\BOOKMARK [2][-]{subsection.4.3}{识别数据集中有多少种数据}{section.4}% 15
\BOOKMARK [3][-]{subsubsection.4.3.1}{对图像进行k-均值聚类}{subsection.4.3}% 16
\BOOKMARK [3][-]{subsubsection.4.3.2}{利用SSE-k曲线找到最优聚类}{subsection.4.3}% 17
\BOOKMARK [2][-]{subsection.4.4}{从图像集合中检索和提取同类图像}{section.4}% 18
\BOOKMARK [3][-]{subsubsection.4.4.1}{通过样本相似度进行检索}{subsection.4.4}% 19
\BOOKMARK [3][-]{subsubsection.4.4.2}{通过样本距离进行检索}{subsection.4.4}% 20
\BOOKMARK [1][-]{section.5}{结论}{}% 21
\BOOKMARK [1][-]{section*.19}{参考文献}{}% 22
\BOOKMARK [1][-]{section*.20}{致谢}{}% 23
\BOOKMARK [1][-]{section*.21}{附录}{}% 24
